2024-11-26 22:27:39,804  INFO [main] TestBase:48 - Initializing chrome driver
2024-11-26 22:27:49,612  INFO [main] CommonActions:22 - Entering text : Admin
2024-11-26 22:27:50,128  INFO [main] CommonActions:22 - Entering text : admin123
2024-11-26 22:27:53,362  INFO [main] ListnerUtility:91 - ****Started Execuation of : >This test case will check panel list
2024-11-26 22:27:59,448  INFO [main] ListnerUtility:61 - Capturing the screenshot : This test case will check panel list
2024-11-26 22:28:00,143  INFO [main] CommonActions:63 - wait for seconds : 5000
2024-11-26 22:28:08,442  INFO [main] TestBase:66 - Closing driver
2024-11-26 22:28:08,632  INFO [main] ListnerUtility:73 - ToCheckAdminPageSearch :Test Case Skip
2024-11-26 22:28:08,821 DEBUG [main] cache:45 - Couldn't find template in cache for "spark/spark.spa.ftl"("en_US", UTF-8, parsed); will try to load it.
2024-11-26 22:28:08,822 DEBUG [main] cache:45 - TemplateLoader.findTemplateSource("spark/spark.spa_en_US.ftl"): Not found
2024-11-26 22:28:08,824 DEBUG [main] cache:45 - TemplateLoader.findTemplateSource("spark/spark.spa_en.ftl"): Not found
2024-11-26 22:28:08,827 DEBUG [main] cache:45 - TemplateLoader.findTemplateSource("spark/spark.spa.ftl"): Found
2024-11-26 22:28:08,828 DEBUG [main] cache:45 - Loading template for "spark/spark.spa.ftl"("en_US", UTF-8, parsed) from "jar:file:/C:/Users/ADMIN/.m2/repository/com/aventstack/extentreports/5.0.1/extentreports-5.0.1.jar!/com/aventstack/extentreports/templates/spark/spark.spa.ftl"
2024-11-26 22:28:08,995 DEBUG [main] cache:45 - Couldn't find template in cache for "commons/commons-variables.ftl"("en_US", UTF-8, parsed); will try to load it.
2024-11-26 22:28:08,997 DEBUG [main] cache:45 - TemplateLoader.findTemplateSource("commons/commons-variables_en_US.ftl"): Not found
2024-11-26 22:28:08,998 DEBUG [main] cache:45 - TemplateLoader.findTemplateSource("commons/commons-variables_en.ftl"): Not found
2024-11-26 22:28:09,001 DEBUG [main] cache:45 - TemplateLoader.findTemplateSource("commons/commons-variables.ftl"): Found
2024-11-26 22:28:09,002 DEBUG [main] cache:45 - Loading template for "commons/commons-variables.ftl"("en_US", UTF-8, parsed) from "jar:file:/C:/Users/ADMIN/.m2/repository/com/aventstack/extentreports/5.0.1/extentreports-5.0.1.jar!/com/aventstack/extentreports/templates/commons/commons-variables.ftl"
2024-11-26 22:28:09,210 DEBUG [main] cache:45 - Couldn't find template in cache for "commons/commons-macros.ftl"("en_US", UTF-8, parsed); will try to load it.
2024-11-26 22:28:09,211 DEBUG [main] cache:45 - TemplateLoader.findTemplateSource("commons/commons-macros_en_US.ftl"): Not found
2024-11-26 22:28:09,213 DEBUG [main] cache:45 - TemplateLoader.findTemplateSource("commons/commons-macros_en.ftl"): Not found
2024-11-26 22:28:09,214 DEBUG [main] cache:45 - TemplateLoader.findTemplateSource("commons/commons-macros.ftl"): Found
2024-11-26 22:28:09,214 DEBUG [main] cache:45 - Loading template for "commons/commons-macros.ftl"("en_US", UTF-8, parsed) from "jar:file:/C:/Users/ADMIN/.m2/repository/com/aventstack/extentreports/5.0.1/extentreports-5.0.1.jar!/com/aventstack/extentreports/templates/commons/commons-macros.ftl"
2024-11-26 22:28:09,237 DEBUG [main] cache:45 - Couldn't find template in cache for "spark/macros/attributes.ftl"("en_US", UTF-8, parsed); will try to load it.
2024-11-26 22:28:09,238 DEBUG [main] cache:45 - TemplateLoader.findTemplateSource("spark/macros/attributes_en_US.ftl"): Not found
2024-11-26 22:28:09,239 DEBUG [main] cache:45 - TemplateLoader.findTemplateSource("spark/macros/attributes_en.ftl"): Not found
2024-11-26 22:28:09,240 DEBUG [main] cache:45 - TemplateLoader.findTemplateSource("spark/macros/attributes.ftl"): Found
2024-11-26 22:28:09,240 DEBUG [main] cache:45 - Loading template for "spark/macros/attributes.ftl"("en_US", UTF-8, parsed) from "jar:file:/C:/Users/ADMIN/.m2/repository/com/aventstack/extentreports/5.0.1/extentreports-5.0.1.jar!/com/aventstack/extentreports/templates/spark/macros/attributes.ftl"
2024-11-26 22:28:09,244 DEBUG [main] cache:45 - Couldn't find template in cache for "spark/macros/log.ftl"("en_US", UTF-8, parsed); will try to load it.
2024-11-26 22:28:09,254 DEBUG [main] cache:45 - TemplateLoader.findTemplateSource("spark/macros/log_en_US.ftl"): Not found
2024-11-26 22:28:09,258 DEBUG [main] cache:45 - TemplateLoader.findTemplateSource("spark/macros/log_en.ftl"): Not found
2024-11-26 22:28:09,269 DEBUG [main] cache:45 - TemplateLoader.findTemplateSource("spark/macros/log.ftl"): Found
2024-11-26 22:28:09,270 DEBUG [main] cache:45 - Loading template for "spark/macros/log.ftl"("en_US", UTF-8, parsed) from "jar:file:/C:/Users/ADMIN/.m2/repository/com/aventstack/extentreports/5.0.1/extentreports-5.0.1.jar!/com/aventstack/extentreports/templates/spark/macros/log.ftl"
2024-11-26 22:28:09,275 DEBUG [main] cache:45 - Couldn't find template in cache for "spark/macros/recurse_nodes.ftl"("en_US", UTF-8, parsed); will try to load it.
2024-11-26 22:28:09,278 DEBUG [main] cache:45 - TemplateLoader.findTemplateSource("spark/macros/recurse_nodes_en_US.ftl"): Not found
2024-11-26 22:28:09,279 DEBUG [main] cache:45 - TemplateLoader.findTemplateSource("spark/macros/recurse_nodes_en.ftl"): Not found
2024-11-26 22:28:09,280 DEBUG [main] cache:45 - TemplateLoader.findTemplateSource("spark/macros/recurse_nodes.ftl"): Found
2024-11-26 22:28:09,281 DEBUG [main] cache:45 - Loading template for "spark/macros/recurse_nodes.ftl"("en_US", UTF-8, parsed) from "jar:file:/C:/Users/ADMIN/.m2/repository/com/aventstack/extentreports/5.0.1/extentreports-5.0.1.jar!/com/aventstack/extentreports/templates/spark/macros/recurse_nodes.ftl"
2024-11-26 22:28:09,288 DEBUG [main] cache:45 - "spark/macros/log.ftl"("en_US", UTF-8, parsed) cached copy not yet stale; using cached.
2024-11-26 22:28:09,289 DEBUG [main] cache:45 - Couldn't find template in cache for "spark/partials/head.ftl"("en_US", UTF-8, parsed); will try to load it.
2024-11-26 22:28:09,290 DEBUG [main] cache:45 - TemplateLoader.findTemplateSource("spark/partials/head_en_US.ftl"): Not found
2024-11-26 22:28:09,298 DEBUG [main] cache:45 - TemplateLoader.findTemplateSource("spark/partials/head_en.ftl"): Not found
2024-11-26 22:28:09,299 DEBUG [main] cache:45 - TemplateLoader.findTemplateSource("spark/partials/head.ftl"): Found
2024-11-26 22:28:09,302 DEBUG [main] cache:45 - Loading template for "spark/partials/head.ftl"("en_US", UTF-8, parsed) from "jar:file:/C:/Users/ADMIN/.m2/repository/com/aventstack/extentreports/5.0.1/extentreports-5.0.1.jar!/com/aventstack/extentreports/templates/spark/partials/head.ftl"
2024-11-26 22:28:09,313 DEBUG [main] cache:45 - Couldn't find template in cache for "commons/commons-inject-css.ftl"("en_US", UTF-8, parsed); will try to load it.
2024-11-26 22:28:09,318 DEBUG [main] cache:45 - TemplateLoader.findTemplateSource("commons/commons-inject-css_en_US.ftl"): Not found
2024-11-26 22:28:09,321 DEBUG [main] cache:45 - TemplateLoader.findTemplateSource("commons/commons-inject-css_en.ftl"): Not found
2024-11-26 22:28:09,323 DEBUG [main] cache:45 - TemplateLoader.findTemplateSource("commons/commons-inject-css.ftl"): Found
2024-11-26 22:28:09,333 DEBUG [main] cache:45 - Loading template for "commons/commons-inject-css.ftl"("en_US", UTF-8, parsed) from "jar:file:/C:/Users/ADMIN/.m2/repository/com/aventstack/extentreports/5.0.1/extentreports-5.0.1.jar!/com/aventstack/extentreports/templates/commons/commons-inject-css.ftl"
2024-11-26 22:28:09,339 DEBUG [main] cache:45 - Couldn't find template in cache for "spark/partials/navbar.ftl"("en_US", UTF-8, parsed); will try to load it.
2024-11-26 22:28:09,343 DEBUG [main] cache:45 - TemplateLoader.findTemplateSource("spark/partials/navbar_en_US.ftl"): Not found
2024-11-26 22:28:09,347 DEBUG [main] cache:45 - TemplateLoader.findTemplateSource("spark/partials/navbar_en.ftl"): Not found
2024-11-26 22:28:09,351 DEBUG [main] cache:45 - TemplateLoader.findTemplateSource("spark/partials/navbar.ftl"): Found
2024-11-26 22:28:09,352 DEBUG [main] cache:45 - Loading template for "spark/partials/navbar.ftl"("en_US", UTF-8, parsed) from "jar:file:/C:/Users/ADMIN/.m2/repository/com/aventstack/extentreports/5.0.1/extentreports-5.0.1.jar!/com/aventstack/extentreports/templates/spark/partials/navbar.ftl"
2024-11-26 22:28:09,387 DEBUG [main] cache:45 - Couldn't find template in cache for "spark/partials/sidenav.ftl"("en_US", UTF-8, parsed); will try to load it.
2024-11-26 22:28:09,388 DEBUG [main] cache:45 - TemplateLoader.findTemplateSource("spark/partials/sidenav_en_US.ftl"): Not found
2024-11-26 22:28:09,390 DEBUG [main] cache:45 - TemplateLoader.findTemplateSource("spark/partials/sidenav_en.ftl"): Not found
2024-11-26 22:28:09,391 DEBUG [main] cache:45 - TemplateLoader.findTemplateSource("spark/partials/sidenav.ftl"): Found
2024-11-26 22:28:09,392 DEBUG [main] cache:45 - Loading template for "spark/partials/sidenav.ftl"("en_US", UTF-8, parsed) from "jar:file:/C:/Users/ADMIN/.m2/repository/com/aventstack/extentreports/5.0.1/extentreports-5.0.1.jar!/com/aventstack/extentreports/templates/spark/partials/sidenav.ftl"
2024-11-26 22:28:09,422 DEBUG [main] cache:45 - Couldn't find template in cache for "spark/partials/test.ftl"("en_US", UTF-8, parsed); will try to load it.
2024-11-26 22:28:09,423 DEBUG [main] cache:45 - TemplateLoader.findTemplateSource("spark/partials/test_en_US.ftl"): Not found
2024-11-26 22:28:09,424 DEBUG [main] cache:45 - TemplateLoader.findTemplateSource("spark/partials/test_en.ftl"): Not found
2024-11-26 22:28:09,426 DEBUG [main] cache:45 - TemplateLoader.findTemplateSource("spark/partials/test.ftl"): Found
2024-11-26 22:28:09,427 DEBUG [main] cache:45 - Loading template for "spark/partials/test.ftl"("en_US", UTF-8, parsed) from "jar:file:/C:/Users/ADMIN/.m2/repository/com/aventstack/extentreports/5.0.1/extentreports-5.0.1.jar!/com/aventstack/extentreports/templates/spark/partials/test.ftl"
2024-11-26 22:28:09,492 DEBUG [main] cache:45 - Couldn't find template in cache for "spark/partials/standard-content.ftl"("en_US", UTF-8, parsed); will try to load it.
2024-11-26 22:28:09,493 DEBUG [main] cache:45 - TemplateLoader.findTemplateSource("spark/partials/standard-content_en_US.ftl"): Not found
2024-11-26 22:28:09,499 DEBUG [main] cache:45 - TemplateLoader.findTemplateSource("spark/partials/standard-content_en.ftl"): Not found
2024-11-26 22:28:09,501 DEBUG [main] cache:45 - TemplateLoader.findTemplateSource("spark/partials/standard-content.ftl"): Found
2024-11-26 22:28:09,501 DEBUG [main] cache:45 - Loading template for "spark/partials/standard-content.ftl"("en_US", UTF-8, parsed) from "jar:file:/C:/Users/ADMIN/.m2/repository/com/aventstack/extentreports/5.0.1/extentreports-5.0.1.jar!/com/aventstack/extentreports/templates/spark/partials/standard-content.ftl"
2024-11-26 22:28:09,520 DEBUG [main] cache:45 - "spark/partials/standard-content.ftl"("en_US", UTF-8, parsed) cached copy not yet stale; using cached.
2024-11-26 22:28:09,521 DEBUG [main] cache:45 - Couldn't find template in cache for "spark/partials/exception.ftl"("en_US", UTF-8, parsed); will try to load it.
2024-11-26 22:28:09,522 DEBUG [main] cache:45 - TemplateLoader.findTemplateSource("spark/partials/exception_en_US.ftl"): Not found
2024-11-26 22:28:09,523 DEBUG [main] cache:45 - TemplateLoader.findTemplateSource("spark/partials/exception_en.ftl"): Not found
2024-11-26 22:28:09,524 DEBUG [main] cache:45 - TemplateLoader.findTemplateSource("spark/partials/exception.ftl"): Found
2024-11-26 22:28:09,524 DEBUG [main] cache:45 - Loading template for "spark/partials/exception.ftl"("en_US", UTF-8, parsed) from "jar:file:/C:/Users/ADMIN/.m2/repository/com/aventstack/extentreports/5.0.1/extentreports-5.0.1.jar!/com/aventstack/extentreports/templates/spark/partials/exception.ftl"
2024-11-26 22:28:09,540 DEBUG [main] cache:45 - Couldn't find template in cache for "spark/partials/category.ftl"("en_US", UTF-8, parsed); will try to load it.
2024-11-26 22:28:09,541 DEBUG [main] cache:45 - TemplateLoader.findTemplateSource("spark/partials/category_en_US.ftl"): Not found
2024-11-26 22:28:09,544 DEBUG [main] cache:45 - TemplateLoader.findTemplateSource("spark/partials/category_en.ftl"): Not found
2024-11-26 22:28:09,547 DEBUG [main] cache:45 - TemplateLoader.findTemplateSource("spark/partials/category.ftl"): Found
2024-11-26 22:28:09,548 DEBUG [main] cache:45 - Loading template for "spark/partials/category.ftl"("en_US", UTF-8, parsed) from "jar:file:/C:/Users/ADMIN/.m2/repository/com/aventstack/extentreports/5.0.1/extentreports-5.0.1.jar!/com/aventstack/extentreports/templates/spark/partials/category.ftl"
2024-11-26 22:28:09,557 DEBUG [main] cache:45 - Couldn't find template in cache for "spark/partials/device.ftl"("en_US", UTF-8, parsed); will try to load it.
2024-11-26 22:28:09,563 DEBUG [main] cache:45 - TemplateLoader.findTemplateSource("spark/partials/device_en_US.ftl"): Not found
2024-11-26 22:28:09,566 DEBUG [main] cache:45 - TemplateLoader.findTemplateSource("spark/partials/device_en.ftl"): Not found
2024-11-26 22:28:09,567 DEBUG [main] cache:45 - TemplateLoader.findTemplateSource("spark/partials/device.ftl"): Found
2024-11-26 22:28:09,568 DEBUG [main] cache:45 - Loading template for "spark/partials/device.ftl"("en_US", UTF-8, parsed) from "jar:file:/C:/Users/ADMIN/.m2/repository/com/aventstack/extentreports/5.0.1/extentreports-5.0.1.jar!/com/aventstack/extentreports/templates/spark/partials/device.ftl"
2024-11-26 22:28:09,580 DEBUG [main] cache:45 - Couldn't find template in cache for "spark/partials/author.ftl"("en_US", UTF-8, parsed); will try to load it.
2024-11-26 22:28:09,581 DEBUG [main] cache:45 - TemplateLoader.findTemplateSource("spark/partials/author_en_US.ftl"): Not found
2024-11-26 22:28:09,582 DEBUG [main] cache:45 - TemplateLoader.findTemplateSource("spark/partials/author_en.ftl"): Not found
2024-11-26 22:28:09,583 DEBUG [main] cache:45 - TemplateLoader.findTemplateSource("spark/partials/author.ftl"): Found
2024-11-26 22:28:09,583 DEBUG [main] cache:45 - Loading template for "spark/partials/author.ftl"("en_US", UTF-8, parsed) from "jar:file:/C:/Users/ADMIN/.m2/repository/com/aventstack/extentreports/5.0.1/extentreports-5.0.1.jar!/com/aventstack/extentreports/templates/spark/partials/author.ftl"
2024-11-26 22:28:09,596 DEBUG [main] cache:45 - Couldn't find template in cache for "spark/partials/log.ftl"("en_US", UTF-8, parsed); will try to load it.
2024-11-26 22:28:09,597 DEBUG [main] cache:45 - TemplateLoader.findTemplateSource("spark/partials/log_en_US.ftl"): Not found
2024-11-26 22:28:09,598 DEBUG [main] cache:45 - TemplateLoader.findTemplateSource("spark/partials/log_en.ftl"): Not found
2024-11-26 22:28:09,599 DEBUG [main] cache:45 - TemplateLoader.findTemplateSource("spark/partials/log.ftl"): Found
2024-11-26 22:28:09,600 DEBUG [main] cache:45 - Loading template for "spark/partials/log.ftl"("en_US", UTF-8, parsed) from "jar:file:/C:/Users/ADMIN/.m2/repository/com/aventstack/extentreports/5.0.1/extentreports-5.0.1.jar!/com/aventstack/extentreports/templates/spark/partials/log.ftl"
2024-11-26 22:28:09,602 DEBUG [main] cache:45 - Couldn't find template in cache for "spark/partials/dashboard.ftl"("en_US", UTF-8, parsed); will try to load it.
2024-11-26 22:28:09,603 DEBUG [main] cache:45 - TemplateLoader.findTemplateSource("spark/partials/dashboard_en_US.ftl"): Not found
2024-11-26 22:28:09,604 DEBUG [main] cache:45 - TemplateLoader.findTemplateSource("spark/partials/dashboard_en.ftl"): Not found
2024-11-26 22:28:09,608 DEBUG [main] cache:45 - TemplateLoader.findTemplateSource("spark/partials/dashboard.ftl"): Found
2024-11-26 22:28:09,608 DEBUG [main] cache:45 - Loading template for "spark/partials/dashboard.ftl"("en_US", UTF-8, parsed) from "jar:file:/C:/Users/ADMIN/.m2/repository/com/aventstack/extentreports/5.0.1/extentreports-5.0.1.jar!/com/aventstack/extentreports/templates/spark/partials/dashboard.ftl"
2024-11-26 22:28:09,718 DEBUG [main] cache:45 - Couldn't find template in cache for "spark/partials/scripts.ftl"("en_US", UTF-8, parsed); will try to load it.
2024-11-26 22:28:09,720 DEBUG [main] cache:45 - TemplateLoader.findTemplateSource("spark/partials/scripts_en_US.ftl"): Not found
2024-11-26 22:28:09,721 DEBUG [main] cache:45 - TemplateLoader.findTemplateSource("spark/partials/scripts_en.ftl"): Not found
2024-11-26 22:28:09,722 DEBUG [main] cache:45 - TemplateLoader.findTemplateSource("spark/partials/scripts.ftl"): Found
2024-11-26 22:28:09,724 DEBUG [main] cache:45 - Loading template for "spark/partials/scripts.ftl"("en_US", UTF-8, parsed) from "jar:file:/C:/Users/ADMIN/.m2/repository/com/aventstack/extentreports/5.0.1/extentreports-5.0.1.jar!/com/aventstack/extentreports/templates/spark/partials/scripts.ftl"
2024-11-26 22:28:09,729 DEBUG [main] cache:45 - Couldn't find template in cache for "commons/commons-inject-js.ftl"("en_US", UTF-8, parsed); will try to load it.
2024-11-26 22:28:09,730 DEBUG [main] cache:45 - TemplateLoader.findTemplateSource("commons/commons-inject-js_en_US.ftl"): Not found
2024-11-26 22:28:09,732 DEBUG [main] cache:45 - TemplateLoader.findTemplateSource("commons/commons-inject-js_en.ftl"): Not found
2024-11-26 22:28:09,733 DEBUG [main] cache:45 - TemplateLoader.findTemplateSource("commons/commons-inject-js.ftl"): Found
2024-11-26 22:28:09,734 DEBUG [main] cache:45 - Loading template for "commons/commons-inject-js.ftl"("en_US", UTF-8, parsed) from "jar:file:/C:/Users/ADMIN/.m2/repository/com/aventstack/extentreports/5.0.1/extentreports-5.0.1.jar!/com/aventstack/extentreports/templates/commons/commons-inject-js.ftl"
